# JRE version: Java(TM) SE Runtime Environment (8.0_112-b15) (build 1.8.0_112-b15)
# Java VM: Java HotSpot(TM) 64-Bit Server VM (25.112-b15 mixed mode linux-amd64 compressed oops)
Heap:
 PSYoungGen      total 1324032K, used 3296K [0x000000076ab00000, 0x00000007bbe80000, 0x00000007c0000000)
  eden space 1317376K, 0% used [0x000000076ab00000,0x000000076ab00000,0x00000007bb180000)
  from space 6656K, 49% used [0x00000007bb180000,0x00000007bb4b8080,0x00000007bb800000)
  to   space 4608K, 0% used [0x00000007bba00000,0x00000007bba00000,0x00000007bbe80000)
 ParOldGen       total 126464K, used 97350K [0x00000006c0000000, 0x00000006c7b80000, 0x000000076ab00000)
  object space 126464K, 76% used [0x00000006c0000000,0x00000006c5f118d8,0x00000006c7b80000)
 Metaspace       used 91621K, capacity 99400K, committed 99584K, reserved 1136640K
  class space    used 10768K, capacity 13041K, committed 13056K, reserved 1048576K
GC Heap History (10 events):
Event: 4977.366 GC heap after
Heap after GC invocations=548 (full 4):
 PSYoungGen      total 1284608K, used 3330K [0x000000076ab00000, 0x00000007b9800000, 0x00000007c0000000)
  eden space 1280000K, 0% used [0x000000076ab00000,0x000000076ab00000,0x00000007b8d00000)
  from space 4608K, 72% used [0x00000007b9380000,0x00000007b96c0b68,0x00000007b9800000)
  to   space 5632K, 0% used [0x00000007b8d00000,0x00000007b8d00000,0x00000007b9280000)
 ParOldGen       total 126464K, used 93798K [0x00000006c0000000, 0x00000006c7b80000, 0x000000076ab00000)
  object space 126464K, 74% used [0x00000006c0000000,0x00000006c5b998d8,0x00000006c7b80000)
 Metaspace       used 91621K, capacity 99400K, committed 99584K, reserved 1136640K
  class space    used 10768K, capacity 13041K, committed 13056K, reserved 1048576K
}
Event: 4981.722 GC heap before
{Heap before GC invocations=549 (full 4):
 PSYoungGen      total 1284608K, used 1283330K [0x000000076ab00000, 0x00000007b9800000, 0x00000007c0000000)
  eden space 1280000K, 100% used [0x000000076ab00000,0x00000007b8d00000,0x00000007b8d00000)
  from space 4608K, 72% used [0x00000007b9380000,0x00000007b96c0b68,0x00000007b9800000)
  to   space 5632K, 0% used [0x00000007b8d00000,0x00000007b8d00000,0x00000007b9280000)
 ParOldGen       total 126464K, used 93798K [0x00000006c0000000, 0x00000006c7b80000, 0x000000076ab00000)
  object space 126464K, 74% used [0x00000006c0000000,0x00000006c5b998d8,0x00000006c7b80000)
 Metaspace       used 91621K, capacity 99400K, committed 99584K, reserved 1136640K
  class space    used 10768K, capacity 13041K, committed 13056K, reserved 1048576K
Event: 4981.735 GC heap after
Heap after GC invocations=549 (full 4):
 PSYoungGen      total 1285632K, used 3313K [0x000000076ab00000, 0x00000007bab00000, 0x00000007c0000000)
  eden space 1280000K, 0% used [0x000000076ab00000,0x000000076ab00000,0x00000007b8d00000)
  from space 5632K, 58% used [0x00000007b8d00000,0x00000007b903c668,0x00000007b9280000)
  to   space 5120K, 0% used [0x00000007ba600000,0x00000007ba600000,0x00000007bab00000)
 ParOldGen       total 126464K, used 93822K [0x00000006c0000000, 0x00000006c7b80000, 0x000000076ab00000)
  object space 126464K, 74% used [0x00000006c0000000,0x00000006c5b9f8d8,0x00000006c7b80000)
 Metaspace       used 91621K, capacity 99400K, committed 99584K, reserved 1136640K
  class space    used 10768K, capacity 13041K, committed 13056K, reserved 1048576K
}
Event: 4986.095 GC heap before
{Heap before GC invocations=550 (full 4):
 PSYoungGen      total 1285632K, used 1283313K [0x000000076ab00000, 0x00000007bab00000, 0x00000007c0000000)
  eden space 1280000K, 100% used [0x000000076ab00000,0x00000007b8d00000,0x00000007b8d00000)
  from space 5632K, 58% used [0x00000007b8d00000,0x00000007b903c668,0x00000007b9280000)
  to   space 5120K, 0% used [0x00000007ba600000,0x00000007ba600000,0x00000007bab00000)
 ParOldGen       total 126464K, used 93822K [0x00000006c0000000, 0x00000006c7b80000, 0x000000076ab00000)
  object space 126464K, 74% used [0x00000006c0000000,0x00000006c5b9f8d8,0x00000006c7b80000)
 Metaspace       used 91621K, capacity 99400K, committed 99584K, reserved 1136640K
  class space    used 10768K, capacity 13041K, committed 13056K, reserved 1048576K
Event: 4986.104 GC heap after
Heap after GC invocations=550 (full 4):
 PSYoungGen      total 1303552K, used 3356K [0x000000076ab00000, 0x00000007baa00000, 0x00000007c0000000)
  eden space 1299456K, 0% used [0x000000076ab00000,0x000000076ab00000,0x00000007ba000000)
  from space 4096K, 81% used [0x00000007ba600000,0x00000007ba947248,0x00000007baa00000)
  to   space 5120K, 0% used [0x00000007ba000000,0x00000007ba000000,0x00000007ba500000)
 ParOldGen       total 126464K, used 93838K [0x00000006c0000000, 0x00000006c7b80000, 0x000000076ab00000)
  object space 126464K, 74% used [0x00000006c0000000,0x00000006c5ba38d8,0x00000006c7b80000)
 Metaspace       used 91621K, capacity 99400K, committed 99584K, reserved 1136640K
  class space    used 10768K, capacity 13041K, committed 13056K, reserved 1048576K
}
Event: 4990.495 GC heap before
{Heap before GC invocations=551 (full 4):
 PSYoungGen      total 1303552K, used 1302812K [0x000000076ab00000, 0x00000007baa00000, 0x00000007c0000000)
  eden space 1299456K, 100% used [0x000000076ab00000,0x00000007ba000000,0x00000007ba000000)
  from space 4096K, 81% used [0x00000007ba600000,0x00000007ba947248,0x00000007baa00000)
  to   space 5120K, 0% used [0x00000007ba000000,0x00000007ba000000,0x00000007ba500000)
 ParOldGen       total 126464K, used 93838K [0x00000006c0000000, 0x00000006c7b80000, 0x000000076ab00000)
  object space 126464K, 74% used [0x00000006c0000000,0x00000006c5ba38d8,0x00000006c7b80000)
 Metaspace       used 91621K, capacity 99400K, committed 99584K, reserved 1136640K
  class space    used 10768K, capacity 13041K, committed 13056K, reserved 1048576K
Event: 4990.505 GC heap after
Heap after GC invocations=551 (full 4):
 PSYoungGen      total 1304576K, used 5115K [0x000000076ab00000, 0x00000007bc100000, 0x00000007c0000000)
  eden space 1299456K, 0% used [0x000000076ab00000,0x000000076ab00000,0x00000007ba000000)
  from space 5120K, 99% used [0x00000007ba000000,0x00000007ba4fec78,0x00000007ba500000)
  to   space 7168K, 0% used [0x00000007bba00000,0x00000007bba00000,0x00000007bc100000)
 ParOldGen       total 126464K, used 97342K [0x00000006c0000000, 0x00000006c7b80000, 0x000000076ab00000)
  object space 126464K, 76% used [0x00000006c0000000,0x00000006c5f0f8d8,0x00000006c7b80000)
 Metaspace       used 91621K, capacity 99400K, committed 99584K, reserved 1136640K
  class space    used 10768K, capacity 13041K, committed 13056K, reserved 1048576K
}
Event: 4994.948 GC heap before
{Heap before GC invocations=552 (full 4):
 PSYoungGen      total 1304576K, used 1304571K [0x000000076ab00000, 0x00000007bc100000, 0x00000007c0000000)
  eden space 1299456K, 100% used [0x000000076ab00000,0x00000007ba000000,0x00000007ba000000)
  from space 5120K, 99% used [0x00000007ba000000,0x00000007ba4fec78,0x00000007ba500000)
  to   space 7168K, 0% used [0x00000007bba00000,0x00000007bba00000,0x00000007bc100000)
 ParOldGen       total 126464K, used 97342K [0x00000006c0000000, 0x00000006c7b80000, 0x000000076ab00000)
  object space 126464K, 76% used [0x00000006c0000000,0x00000006c5f0f8d8,0x00000006c7b80000)
 Metaspace       used 91621K, capacity 99400K, committed 99584K, reserved 1136640K
  class space    used 10768K, capacity 13041K, committed 13056K, reserved 1048576K
Event: 4994.955 GC heap after
Heap after GC invocations=552 (full 4):
 PSYoungGen      total 1321984K, used 3217K [0x000000076ab00000, 0x00000007bbe80000, 0x00000007c0000000)
  eden space 1317376K, 0% used [0x000000076ab00000,0x000000076ab00000,0x00000007bb180000)
  from space 4608K, 69% used [0x00000007bba00000,0x00000007bbd24518,0x00000007bbe80000)
  to   space 6656K, 0% used [0x00000007bb180000,0x00000007bb180000,0x00000007bb800000)
 ParOldGen       total 126464K, used 97350K [0x00000006c0000000, 0x00000006c7b80000, 0x000000076ab00000)
  object space 126464K, 76% used [0x00000006c0000000,0x00000006c5f118d8,0x00000006c7b80000)
 Metaspace       used 91621K, capacity 99400K, committed 99584K, reserved 1136640K
  class space    used 10768K, capacity 13041K, committed 13056K, reserved 1048576K
}
Event: 5004.289 GC heap before
{Heap before GC invocations=553 (full 4):
 PSYoungGen      total 1321984K, used 1320593K [0x000000076ab00000, 0x00000007bbe80000, 0x00000007c0000000)
  eden space 1317376K, 100% used [0x000000076ab00000,0x00000007bb180000,0x00000007bb180000)
  from space 4608K, 69% used [0x00000007bba00000,0x00000007bbd24518,0x00000007bbe80000)
  to   space 6656K, 0% used [0x00000007bb180000,0x00000007bb180000,0x00000007bb800000)
 ParOldGen       total 126464K, used 97350K [0x00000006c0000000, 0x00000006c7b80000, 0x000000076ab00000)
  object space 126464K, 76% used [0x00000006c0000000,0x00000006c5f118d8,0x00000006c7b80000)
 Metaspace       used 91621K, capacity 99400K, committed 99584K, reserved 1136640K
  class space    used 10768K, capacity 13041K, committed 13056K, reserved 1048576K

